g:\osg\test\loadmodel\loadmodel\x64\debug\vc141.pdb
g:\osg\test\loadmodel\loadmodel\x64\debug\vc141.idb
g:\osg\test\loadmodel\loadmodel\x64\debug\vertex.obj
g:\osg\test\loadmodel\loadmodel\x64\debug\utility.obj
g:\osg\test\loadmodel\loadmodel\x64\debug\triangle.obj
g:\osg\test\loadmodel\loadmodel\x64\debug\triangleindex.obj
g:\osg\test\loadmodel\loadmodel\x64\debug\texturevisitor.obj
g:\osg\test\loadmodel\loadmodel\x64\debug\side.obj
g:\osg\test\loadmodel\loadmodel\x64\debug\projectionintersect.obj
g:\osg\test\loadmodel\loadmodel\x64\debug\pagetraversal.obj
g:\osg\test\loadmodel\loadmodel\x64\debug\modelattributefunctor.obj
g:\osg\test\loadmodel\loadmodel\x64\debug\mainvisitor.obj
g:\osg\test\loadmodel\loadmodel\x64\debug\loadmodel.obj
g:\osg\test\loadmodel\loadmodel\x64\debug\line.obj
g:\osg\test\loadmodel\loadmodel\x64\debug\intersect.obj
g:\osg\test\loadmodel\loadmodel\x64\debug\hitcheck.obj
g:\osg\test\loadmodel\loadmodel\x64\debug\geom.obj
g:\osg\test\loadmodel\loadmodel\x64\debug\vec3custom.obj
g:\osg\test\loadmodel\x64\debug\loadmodel.exe
g:\osg\test\loadmodel\x64\debug\loadmodel.ilk
g:\osg\test\loadmodel\x64\debug\loadmodel.pdb
g:\osg\test\loadmodel\loadmodel\x64\debug\mainvisitor.new.obj.enc
g:\osg\test\loadmodel\loadmodel\x64\debug\loadmodel.tlog\cl.command.1.tlog
g:\osg\test\loadmodel\loadmodel\x64\debug\loadmodel.tlog\cl.read.1.tlog
g:\osg\test\loadmodel\loadmodel\x64\debug\loadmodel.tlog\cl.write.1.tlog
g:\osg\test\loadmodel\loadmodel\x64\debug\loadmodel.tlog\link.command.1.tlog
g:\osg\test\loadmodel\loadmodel\x64\debug\loadmodel.tlog\link.read.1.tlog
g:\osg\test\loadmodel\loadmodel\x64\debug\loadmodel.tlog\link.write.1.tlog
